<component name="libraryTable">
  <library name="junit-jupiter-api-5.6.1">
    <CLASSES>
      <root url="jar://$PROJECT_DIR$/gradle/wrapper/junit-jupiter-api-5.6.1.jar!/" />
    </CLASSES>
    <JAVADOC />
    <SOURCES />
  </library>
</component>